  line.cpp
D:\MY FOLDER\C#\c++\new_project\new_project\line.cpp(12,25): warning C4244: =: преобразование "T" в "int", возможна потеря данных
          with
          [
              T=float
          ]
D:\MY FOLDER\C#\c++\new_project\new_project\line.cpp(13,25): warning C4244: =: преобразование "T" в "int", возможна потеря данных
          with
          [
              T=float
          ]
D:\MY FOLDER\C#\c++\new_project\new_project\line.cpp(14,15): warning C4244: =: преобразование "double" в "int", возможна потеря данных
D:\MY FOLDER\C#\c++\new_project\new_project\line.cpp(139,13): warning C4244: =: преобразование "double" в "T", возможна потеря данных
          with
          [
              T=float
          ]
D:\MY FOLDER\C#\c++\new_project\new_project\line.cpp(140,13): warning C4244: =: преобразование "double" в "T", возможна потеря данных
          with
          [
              T=float
          ]
  Создание кода
D:\MY FOLDER\C#\c++\new_project\new_project\light.cpp(31): warning C4172: возвращение адреса локальной или временной переменной : dist
  11 of 41 functions (26.8%) were compiled, the rest were copied from previous compilation.
    0 functions were new in current compilation
    0 functions had inline decision re-evaluated but remain unchanged
  Создание кода завершено
  new_project.vcxproj -> D:\MY FOLDER\C#\c++\new_project\Release\new_project.exe
